Using pre-set license
Built from '2020.3/staging' branch; Version is '2020.3.11f1 (99c7afb366b3) revision 10078127'; Using compiler version '192528614'; Build Type 'Release'
OS: 'Windows 10 Pro; OS build 18363.1379; Version 1909; 64bit' Language: 'es' Physical Memory: 6594 MB
BatchMode: 1, IsHumanControllingUs: 0, StartBugReporterOnCrash: 0, Is64bit: 1, IsPro: 0

 COMMAND LINE ARGUMENTS:
C:\Program Files\Unity\Hub\Editor\2020.3.11f1\Editor\Unity.exe
-adb2
-batchMode
-noUpm
-name
AssetImportWorker0
-projectPath
C:/Users/igameroo/02_Wildfire
-logFile
Logs/AssetImportWorker0.log
-srvPort
55463
Successfully changed project path to: C:/Users/igameroo/02_Wildfire
C:/Users/igameroo/02_Wildfire
Using Asset Import Pipeline V2.
Refreshing native plugins compatible for Editor in 88.03 ms, found 2 plugins.
Preloading 0 native plugins for Editor in 0.00 ms.
Initialize engine version: 2020.3.11f1 (99c7afb366b3)
[Subsystems] Discovering subsystems at path C:/Program Files/Unity/Hub/Editor/2020.3.11f1/Editor/Data/Resources/UnitySubsystems
[Subsystems] Discovering subsystems at path C:/Users/igameroo/02_Wildfire/Assets
GfxDevice: creating device client; threaded=0
Direct3D:
    Version:  Direct3D 11.0 [level 11.1]
    Renderer: Intel(R) HD Graphics Family (ID=0xa16)
    Vendor:   
    VRAM:     2048 MB
    Driver:   20.19.15.4642
Initialize mono
Mono path[0] = 'C:/Program Files/Unity/Hub/Editor/2020.3.11f1/Editor/Data/Managed'
Mono path[1] = 'C:/Program Files/Unity/Hub/Editor/2020.3.11f1/Editor/Data/MonoBleedingEdge/lib/mono/unityjit'
Mono config path = 'C:/Program Files/Unity/Hub/Editor/2020.3.11f1/Editor/Data/MonoBleedingEdge/etc'
Using monoOptions --debugger-agent=transport=dt_socket,embedding=1,server=y,suspend=n,address=127.0.0.1:56796
Begin MonoManager ReloadAssembly
Registering precompiled unity dll's ...
Register platform support module: C:/Program Files/Unity/Hub/Editor/2020.3.11f1/Editor/Data/PlaybackEngines/WindowsStandaloneSupport/UnityEditor.WindowsStandalone.Extensions.dll
Registered in 0.002556 seconds.
Native extension for WindowsStandalone target not found
Refreshing native plugins compatible for Editor in 75.59 ms, found 2 plugins.
Preloading 0 native plugins for Editor in 0.00 ms.
Mono: successfully reloaded assembly
- Completed reload, in  2.269 seconds
Platform modules already initialized, skipping
Registering precompiled user dll's ...
Registered in 0.013610 seconds.
Begin MonoManager ReloadAssembly
Native extension for WindowsStandalone target not found
Refreshing native plugins compatible for Editor in 0.69 ms, found 2 plugins.
Preloading 0 native plugins for Editor in 0.00 ms.
Mono: successfully reloaded assembly
- Completed reload, in  2.562 seconds
Platform modules already initialized, skipping
========================================================================
Worker process is ready to serve import requests
Launched and connected shader compiler UnityShaderCompiler.exe after 0.09 seconds
Refreshing native plugins compatible for Editor in 1.06 ms, found 2 plugins.
Preloading 0 native plugins for Editor in 0.00 ms.
Unloading 1439 Unused Serialized files (Serialized files now loaded: 0)
System memory in use before: 66.4 MB.
System memory in use after: 66.5 MB.

Unloading 26 unused Assets to reduce memory usage. Loaded Objects now: 1871.
Total: 3.219400 ms (FindLiveObjects: 0.223100 ms CreateObjectMapping: 0.099200 ms MarkObjects: 2.739900 ms  DeleteObjects: 0.155400 ms)

========================================================================
Received Import Request.
  path: Assets/Scenes/Prototyping.unity
  artifactKey: Guid(e14b5f509e27c1242bbc849b1e557359) Importer(815301076,1909f56bfc062723c751e8b465ee728b)
Start importing Assets/Scenes/Prototyping.unity using Guid(e14b5f509e27c1242bbc849b1e557359) Importer(815301076,1909f56bfc062723c751e8b465ee728b)  -> (artifact id: '709985becb74f3eec86786d803b3d17f') in 0.031108 seconds
  Import took 0.036731 seconds .

========================================================================
Received Import Request.
  Time since last request: 519.974318 seconds.
  path: Assets/MAterials
  artifactKey: Guid(95b19cf979e86ee4e848e34767a47700) Importer(815301076,1909f56bfc062723c751e8b465ee728b)
Start importing Assets/MAterials using Guid(95b19cf979e86ee4e848e34767a47700) Importer(815301076,1909f56bfc062723c751e8b465ee728b)  -> (artifact id: 'cda56794c6eca0f0026982dd4eb553c4') in 0.035251 seconds
  Import took 0.042385 seconds .

========================================================================
Received Import Request.
  Time since last request: 15.722921 seconds.
  path: Assets/Materials
  artifactKey: Guid(95b19cf979e86ee4e848e34767a47700) Importer(815301076,1909f56bfc062723c751e8b465ee728b)
Start importing Assets/Materials using Guid(95b19cf979e86ee4e848e34767a47700) Importer(815301076,1909f56bfc062723c751e8b465ee728b)  -> (artifact id: '29bddf6cf5ad014dc8ed4ef7c71e6aa6') in 0.022696 seconds
  Import took 0.031085 seconds .

========================================================================
Received Import Request.
  Time since last request: 25.660812 seconds.
  path: Assets/Materials/New Material.mat
  artifactKey: Guid(10e0d8e56c3138342b35052cce10a42e) Importer(815301076,1909f56bfc062723c751e8b465ee728b)
Start importing Assets/Materials/New Material.mat using Guid(10e0d8e56c3138342b35052cce10a42e) Importer(815301076,1909f56bfc062723c751e8b465ee728b)  -> (artifact id: '7ce69300511fadd06deb24e7e761d417') in 0.543279 seconds
  Import took 0.552009 seconds .

========================================================================
Received Import Request.
  Time since last request: 14.859974 seconds.
  path: Assets/Materials/blue.mat
  artifactKey: Guid(10e0d8e56c3138342b35052cce10a42e) Importer(815301076,1909f56bfc062723c751e8b465ee728b)
Start importing Assets/Materials/blue.mat using Guid(10e0d8e56c3138342b35052cce10a42e) Importer(815301076,1909f56bfc062723c751e8b465ee728b)  -> (artifact id: '23bbad1883c904d362d122da2d300bd2') in 0.061519 seconds
  Import took 0.070362 seconds .

========================================================================
Received Import Request.
  Time since last request: 810.667477 seconds.
  path: Assets/Course Library/_Source_Files/Textures/PolygonPrototype_Texture_01.png
  artifactKey: Guid(86cb957541c7c8542a6306ffb82e6833) Importer(815301076,1909f56bfc062723c751e8b465ee728b)
Start importing Assets/Course Library/_Source_Files/Textures/PolygonPrototype_Texture_01.png using Guid(86cb957541c7c8542a6306ffb82e6833) Importer(815301076,1909f56bfc062723c751e8b465ee728b)  -> (artifact id: 'e7de033dfa5a9975271a197c0dcb8fa2') in 0.126967 seconds
  Import took 0.135032 seconds .

========================================================================
Received Import Request.
  Time since last request: 0.000333 seconds.
  path: Assets/Course Library/_Source_Files/Textures/SimpleDogs.png
  artifactKey: Guid(9430bf83a61e53642891d8823882b08c) Importer(815301076,1909f56bfc062723c751e8b465ee728b)
Start importing Assets/Course Library/_Source_Files/Textures/SimpleDogs.png using Guid(9430bf83a61e53642891d8823882b08c) Importer(815301076,1909f56bfc062723c751e8b465ee728b)  -> (artifact id: '6f6809130d6f33a74d5bbd4a7908d9a2') in 0.068913 seconds
  Import took 0.077317 seconds .

========================================================================
Received Import Request.
  Time since last request: 0.000605 seconds.
  path: Assets/Course Library/_Source_Files/Textures/PolygonPrototype_Texture_01.png
  artifactKey: Guid(86cb957541c7c8542a6306ffb82e6833) Importer(815301076,1909f56bfc062723c751e8b465ee728b)
Start importing Assets/Course Library/_Source_Files/Textures/PolygonPrototype_Texture_01.png using Guid(86cb957541c7c8542a6306ffb82e6833) Importer(815301076,1909f56bfc062723c751e8b465ee728b)  -> (artifact id: 'e7de033dfa5a9975271a197c0dcb8fa2') in 0.032324 seconds
  Import took 0.039579 seconds .

========================================================================
Received Import Request.
  Time since last request: 0.000429 seconds.
  path: Assets/Course Library/_Source_Files/Textures/SimpleFarmer_Farmer_Brown.png
  artifactKey: Guid(065c4bcb58412d949a264763a07a818a) Importer(815301076,1909f56bfc062723c751e8b465ee728b)
Start importing Assets/Course Library/_Source_Files/Textures/SimpleFarmer_Farmer_Brown.png using Guid(065c4bcb58412d949a264763a07a818a) Importer(815301076,1909f56bfc062723c751e8b465ee728b)  -> (artifact id: '63e2fab259093d1e97ef7546a52371f2') in 0.062559 seconds
  Import took 0.073281 seconds .

========================================================================
Received Import Request.
  Time since last request: 0.000359 seconds.
  path: Assets/Course Library/_Source_Files/Textures/SimpleFarmer_FarmersDaughter_Black.png
  artifactKey: Guid(96100b630096bb24b8ec619d9e6b1211) Importer(815301076,1909f56bfc062723c751e8b465ee728b)
Start importing Assets/Course Library/_Source_Files/Textures/SimpleFarmer_FarmersDaughter_Black.png using Guid(96100b630096bb24b8ec619d9e6b1211) Importer(815301076,1909f56bfc062723c751e8b465ee728b)  -> (artifact id: 'd7408d60fdd572d9e0ed9016df2d5762') in 0.037173 seconds
  Import took 0.043705 seconds .

========================================================================
Received Import Request.
  Time since last request: 0.000334 seconds.
  path: Assets/Course Library/_Source_Files/Textures/SimpleAnimalsFarm.png
  artifactKey: Guid(3df023afa2d589948af5cb2c34b25809) Importer(815301076,1909f56bfc062723c751e8b465ee728b)
Start importing Assets/Course Library/_Source_Files/Textures/SimpleAnimalsFarm.png using Guid(3df023afa2d589948af5cb2c34b25809) Importer(815301076,1909f56bfc062723c751e8b465ee728b)  -> (artifact id: '6d049ef7cdebd939875ee5d8ebf1e95e') in 0.065202 seconds
  Import took 0.072271 seconds .

========================================================================
Received Import Request.
  Time since last request: 0.000466 seconds.
  path: Assets/Course Library/_Source_Files/Textures/SimpleFarmer_Farmer_Black.png
  artifactKey: Guid(8fddee26d7af656469060882f739f16a) Importer(815301076,1909f56bfc062723c751e8b465ee728b)
Start importing Assets/Course Library/_Source_Files/Textures/SimpleFarmer_Farmer_Black.png using Guid(8fddee26d7af656469060882f739f16a) Importer(815301076,1909f56bfc062723c751e8b465ee728b)  -> (artifact id: '6543dfe6eb73d80a1b61ef818a15cf6f') in 0.050916 seconds
  Import took 0.057471 seconds .

========================================================================
Received Import Request.
  Time since last request: 0.000464 seconds.
  path: Assets/Course Library/_Source_Files/Textures/SimpleFarmer_Farmer_White.png
  artifactKey: Guid(b5439d586ec428a40aef081b40d65655) Importer(815301076,1909f56bfc062723c751e8b465ee728b)
Start importing Assets/Course Library/_Source_Files/Textures/SimpleFarmer_Farmer_White.png using Guid(b5439d586ec428a40aef081b40d65655) Importer(815301076,1909f56bfc062723c751e8b465ee728b)  -> (artifact id: 'd993fc9b2c7a8f90e70c5a83dd23b3ea') in 0.075566 seconds
  Import took 0.080822 seconds .

========================================================================
Received Import Request.
  Time since last request: 0.000431 seconds.
  path: Assets/Course Library/_Source_Files/Textures/SimpleFarmer_FarmersDaughter_Brown.png
  artifactKey: Guid(144811adb05d9874fab57bf4b53356a1) Importer(815301076,1909f56bfc062723c751e8b465ee728b)
Start importing Assets/Course Library/_Source_Files/Textures/SimpleFarmer_FarmersDaughter_Brown.png using Guid(144811adb05d9874fab57bf4b53356a1) Importer(815301076,1909f56bfc062723c751e8b465ee728b)  -> (artifact id: '168cdf0c8d3e5701d8d9a109e353d64f') in 0.053382 seconds
  Import took 0.065588 seconds .

========================================================================
Received Prepare
Registering precompiled user dll's ...
Registered in 0.017903 seconds.
Begin MonoManager ReloadAssembly
Native extension for WindowsStandalone target not found
Refreshing native plugins compatible for Editor in 1.22 ms, found 2 plugins.
Preloading 0 native plugins for Editor in 0.00 ms.
Mono: successfully reloaded assembly
- Completed reload, in  2.124 seconds
Platform modules already initialized, skipping
Refreshing native plugins compatible for Editor in 1.15 ms, found 2 plugins.
Preloading 0 native plugins for Editor in 0.00 ms.
Unloading 1433 Unused Serialized files (Serialized files now loaded: 0)
System memory in use before: 69.7 MB.
System memory in use after: 69.7 MB.

Unloading 21 unused Assets to reduce memory usage. Loaded Objects now: 1915.
Total: 3.879300 ms (FindLiveObjects: 0.217100 ms CreateObjectMapping: 0.092300 ms MarkObjects: 3.471500 ms  DeleteObjects: 0.096200 ms)

========================================================================
Received Prepare
Registering precompiled user dll's ...
Registered in 0.023859 seconds.
Begin MonoManager ReloadAssembly
Native extension for WindowsStandalone target not found
Refreshing native plugins compatible for Editor in 0.69 ms, found 2 plugins.
Preloading 0 native plugins for Editor in 0.00 ms.
Mono: successfully reloaded assembly
- Completed reload, in  2.484 seconds
Platform modules already initialized, skipping
Refreshing native plugins compatible for Editor in 2.39 ms, found 2 plugins.
Preloading 0 native plugins for Editor in 0.00 ms.
Unloading 1433 Unused Serialized files (Serialized files now loaded: 0)
System memory in use before: 69.7 MB.
System memory in use after: 69.8 MB.

Unloading 21 unused Assets to reduce memory usage. Loaded Objects now: 1918.
Total: 9.267400 ms (FindLiveObjects: 0.303600 ms CreateObjectMapping: 0.108500 ms MarkObjects: 8.500400 ms  DeleteObjects: 0.350900 ms)

========================================================================
Received Import Request.
  Time since last request: 334.822583 seconds.
  path: Assets/Scenes/Prototyping.unity
  artifactKey: Guid(e14b5f509e27c1242bbc849b1e557359) Importer(815301076,1909f56bfc062723c751e8b465ee728b)
Start importing Assets/Scenes/Prototyping.unity using Guid(e14b5f509e27c1242bbc849b1e557359) Importer(815301076,1909f56bfc062723c751e8b465ee728b)  -> (artifact id: '40f5b1098b6623aaa76e0e8d98533188') in 0.033279 seconds
  Import took 0.042470 seconds .

========================================================================
Received Prepare
Registering precompiled user dll's ...
Registered in 0.095876 seconds.
Begin MonoManager ReloadAssembly
Native extension for WindowsStandalone target not found
Refreshing native plugins compatible for Editor in 0.93 ms, found 2 plugins.
Preloading 0 native plugins for Editor in 0.00 ms.
Mono: successfully reloaded assembly
- Completed reload, in 10.841 seconds
Platform modules already initialized, skipping
Refreshing native plugins compatible for Editor in 4.63 ms, found 2 plugins.
Preloading 0 native plugins for Editor in 0.00 ms.
Unloading 1433 Unused Serialized files (Serialized files now loaded: 0)
System memory in use before: 69.7 MB.
System memory in use after: 69.8 MB.

Unloading 21 unused Assets to reduce memory usage. Loaded Objects now: 1921.
Total: 39.627500 ms (FindLiveObjects: 3.205200 ms CreateObjectMapping: 0.734400 ms MarkObjects: 35.079700 ms  DeleteObjects: 0.538500 ms)

AssetImportWorkerClient::OnTransportError - code=2 error=End of file
